<?xml version="1.0" encoding="UTF-8"?>
<!-- Generated by org.testng.reporters.JUnitXMLReporter -->
<testsuite ignored="0" hostname="LAPTOP-T9MLA83G" failures="0" tests="4" name="Default test" time="0.061" errors="0" timestamp="2022-09-27T13:34:43 IST">
  <testcase classname="test.ClassWork" name="a" time="0.013"/>
  <testcase classname="test.ClassWork" name="b" time="0.002"/>
  <testcase classname="test.ClassWork" name="p" time="0.002"/>
  <testcase classname="test.ClassWork" name="x" time="0.001"/>
</testsuite> <!-- Default test -->
