<?xml version="1.0" encoding="UTF-8"?>
<testng-results ignored="2" total="8" passed="6" failed="0" skipped="0">
  <reporter-output>
  </reporter-output>
  <suite started-at="2022-10-04T17:33:55 IST" name="Suite" finished-at="2022-10-04T17:33:58 IST" duration-ms="3086">
    <groups>
      <group name="Regression">
        <method signature="ClassWork1.a()[pri:0, instance:test.ClassWork1@770d3326]" name="a" class="test.ClassWork1"/>
        <method signature="ClassWork1.p()[pri:0, instance:test.ClassWork1@770d3326]" name="p" class="test.ClassWork1"/>
        <method signature="ClassWork1.x()[pri:0, instance:test.ClassWork1@770d3326]" name="x" class="test.ClassWork1"/>
        <method signature="ClassWork2.a()[pri:0, instance:test.ClassWork2@52102734]" name="a" class="test.ClassWork2"/>
        <method signature="ClassWork2.p()[pri:0, instance:test.ClassWork2@52102734]" name="p" class="test.ClassWork2"/>
        <method signature="ClassWork2.x()[pri:0, instance:test.ClassWork2@52102734]" name="x" class="test.ClassWork2"/>
      </group> <!-- Regression -->
    </groups>
    <test started-at="2022-10-04T17:33:55 IST" name="Test" finished-at="2022-10-04T17:33:58 IST" duration-ms="3086">
      <class name="test.ClassWork2">
        <test-method signature="a()[pri:0, instance:test.ClassWork2@52102734]" started-at="2022-10-04T17:33:55 IST" name="a" finished-at="2022-10-04T17:33:55 IST" duration-ms="13" status="PASS">
          <reporter-output>
          </reporter-output>
        </test-method> <!-- a -->
        <test-method signature="p()[pri:0, instance:test.ClassWork2@52102734]" started-at="2022-10-04T17:33:55 IST" name="p" finished-at="2022-10-04T17:33:58 IST" duration-ms="3018" status="PASS">
          <reporter-output>
          </reporter-output>
        </test-method> <!-- p -->
        <test-method signature="x()[pri:0, instance:test.ClassWork2@52102734]" started-at="2022-10-04T17:33:58 IST" name="x" finished-at="2022-10-04T17:33:58 IST" duration-ms="8" status="PASS">
          <reporter-output>
          </reporter-output>
        </test-method> <!-- x -->
      </class> <!-- test.ClassWork2 -->
      <class name="test.ClassWork1">
        <test-method signature="a()[pri:0, instance:test.ClassWork1@770d3326]" started-at="2022-10-04T17:33:55 IST" name="a" finished-at="2022-10-04T17:33:55 IST" duration-ms="12" status="PASS">
          <reporter-output>
          </reporter-output>
        </test-method> <!-- a -->
        <test-method signature="p()[pri:0, instance:test.ClassWork1@770d3326]" started-at="2022-10-04T17:33:55 IST" name="p" finished-at="2022-10-04T17:33:58 IST" duration-ms="3017" status="PASS">
          <reporter-output>
          </reporter-output>
        </test-method> <!-- p -->
        <test-method signature="x()[pri:0, instance:test.ClassWork1@770d3326]" started-at="2022-10-04T17:33:58 IST" name="x" finished-at="2022-10-04T17:33:58 IST" duration-ms="8" status="PASS">
          <reporter-output>
          </reporter-output>
        </test-method> <!-- x -->
      </class> <!-- test.ClassWork1 -->
    </test> <!-- Test -->
  </suite> <!-- Suite -->
</testng-results>
