<?xml version="1.0" encoding="UTF-8"?>
<!-- Generated by org.testng.reporters.JUnitXMLReporter -->
<testsuite ignored="2" hostname="LAPTOP-T9MLA83G" failures="0" tests="6" name="Test" time="3.086" errors="0" timestamp="2022-10-04T17:33:58 IST">
  <testcase classname="test.ClassWork2" name="a" time="0.013"/>
  <testcase classname="test.ClassWork1" name="a" time="0.012"/>
  <testcase classname="test.ClassWork1" name="p" time="3.017"/>
  <testcase classname="test.ClassWork2" name="p" time="3.018"/>
  <testcase classname="test.ClassWork1" name="x" time="0.008"/>
  <testcase classname="test.ClassWork2" name="x" time="0.008"/>
  <testcase classname="test.ClassWork1" name="b" time="0.0">
    <ignored/>
  </testcase> <!-- b -->
  <testcase classname="test.ClassWork2" name="b" time="0.0">
    <ignored/>
  </testcase> <!-- b -->
</testsuite> <!-- Test -->
